<?xml version="1.0" encoding="UTF-8"?>
<testsuite xmlns:xsi="http://www.w3.org/2001/XMLSchema-instance" xsi:noNamespaceSchemaLocation="https://maven.apache.org/surefire/maven-surefire-plugin/xsd/surefire-test-report-3.0.xsd" version="3.0" name="flightapp.FlightServiceTest" time="29.998" tests="11" errors="0" skipped="0" failures="0">
  <properties>
    <property name="java.specification.version" value="19"/>
    <property name="test.cases" value="cases/no_transaction/search:cases/no_transaction/login:cases/no_transaction/create"/>
    <property name="sun.jnu.encoding" value="UTF-8"/>
    <property name="java.class.path" value="/Users/ayushagrawal/.m2/repository/org/apache/maven/surefire/surefire-booter/3.0.0-M5/surefire-booter-3.0.0-M5.jar:/Users/ayushagrawal/.m2/repository/org/apache/maven/surefire/surefire-api/3.0.0-M5/surefire-api-3.0.0-M5.jar:/Users/ayushagrawal/.m2/repository/org/apache/maven/surefire/surefire-logger-api/3.0.0-M5/surefire-logger-api-3.0.0-M5.jar:/Users/ayushagrawal/.m2/repository/org/apache/maven/surefire/surefire-shared-utils/3.0.0-M4/surefire-shared-utils-3.0.0-M4.jar:/Users/ayushagrawal/.m2/repository/org/apache/maven/surefire/surefire-extensions-spi/3.0.0-M5/surefire-extensions-spi-3.0.0-M5.jar:/Users/ayushagrawal/Downloads/AyushProgramming/hw5/target/test-classes:/Users/ayushagrawal/Downloads/AyushProgramming/hw5/target/classes:/Users/ayushagrawal/.m2/repository/junit/junit/4.13/junit-4.13.jar:/Users/ayushagrawal/.m2/repository/org/hamcrest/hamcrest-core/1.3/hamcrest-core-1.3.jar:/Users/ayushagrawal/.m2/repository/com/microsoft/sqlserver/mssql-jdbc/9.2.1.jre11/mssql-jdbc-9.2.1.jre11.jar:/Users/ayushagrawal/.m2/repository/org/mybatis/mybatis/3.5.7/mybatis-3.5.7.jar:/Users/ayushagrawal/.m2/repository/commons-io/commons-io/2.8.0/commons-io-2.8.0.jar:/Users/ayushagrawal/Downloads/AyushProgramming/hw5/distributed.jar:/Users/ayushagrawal/.m2/repository/org/apache/maven/surefire/surefire-junit4/3.0.0-M5/surefire-junit4-3.0.0-M5.jar:/Users/ayushagrawal/.m2/repository/org/apache/maven/surefire/common-java5/3.0.0-M5/common-java5-3.0.0-M5.jar:/Users/ayushagrawal/.m2/repository/org/apache/maven/surefire/common-junit3/3.0.0-M5/common-junit3-3.0.0-M5.jar:/Users/ayushagrawal/.m2/repository/org/apache/maven/surefire/common-junit4/3.0.0-M5/common-junit4-3.0.0-M5.jar"/>
    <property name="java.vm.vendor" value="Homebrew"/>
    <property name="sun.arch.data.model" value="64"/>
    <property name="java.vendor.url" value="https://github.com/Homebrew/homebrew-core/issues"/>
    <property name="os.name" value="Mac OS X"/>
    <property name="java.vm.specification.version" value="19"/>
    <property name="sun.java.launcher" value="SUN_STANDARD"/>
    <property name="user.country" value="US"/>
    <property name="sun.boot.library.path" value="/usr/local/Cellar/openjdk/19.0.2/libexec/openjdk.jdk/Contents/Home/lib"/>
    <property name="sun.java.command" value="org.apache.maven.surefire.booter.ForkedBooter /Users/ayushagrawal/Downloads/AyushProgramming/hw5/target/surefire 2023-02-24T11-01-33_369-jvmRun1 surefire13951773578753470726tmp surefire_014880080038138839275tmp"/>
    <property name="http.nonProxyHosts" value="local|*.local|169.254/16|*.169.254/16"/>
    <property name="jdk.debug" value="release"/>
    <property name="surefire.test.class.path" value="/Users/ayushagrawal/Downloads/AyushProgramming/hw5/target/test-classes:/Users/ayushagrawal/Downloads/AyushProgramming/hw5/target/classes:/Users/ayushagrawal/.m2/repository/junit/junit/4.13/junit-4.13.jar:/Users/ayushagrawal/.m2/repository/org/hamcrest/hamcrest-core/1.3/hamcrest-core-1.3.jar:/Users/ayushagrawal/.m2/repository/com/microsoft/sqlserver/mssql-jdbc/9.2.1.jre11/mssql-jdbc-9.2.1.jre11.jar:/Users/ayushagrawal/.m2/repository/org/mybatis/mybatis/3.5.7/mybatis-3.5.7.jar:/Users/ayushagrawal/.m2/repository/commons-io/commons-io/2.8.0/commons-io-2.8.0.jar:/Users/ayushagrawal/Downloads/AyushProgramming/hw5/distributed.jar:"/>
    <property name="sun.cpu.endian" value="little"/>
    <property name="user.home" value="/Users/ayushagrawal"/>
    <property name="user.language" value="en"/>
    <property name="java.specification.vendor" value="Oracle Corporation"/>
    <property name="java.version.date" value="2023-01-17"/>
    <property name="java.home" value="/usr/local/Cellar/openjdk/19.0.2/libexec/openjdk.jdk/Contents/Home"/>
    <property name="file.separator" value="/"/>
    <property name="basedir" value="/Users/ayushagrawal/Downloads/AyushProgramming/hw5"/>
    <property name="java.vm.compressedOopsMode" value="Zero based"/>
    <property name="line.separator" value="&#10;"/>
    <property name="java.vm.specification.vendor" value="Oracle Corporation"/>
    <property name="java.specification.name" value="Java Platform API Specification"/>
    <property name="apple.awt.application.name" value="ForkedBooter"/>
    <property name="sun.management.compiler" value="HotSpot 64-Bit Tiered Compilers"/>
    <property name="ftp.nonProxyHosts" value="local|*.local|169.254/16|*.169.254/16"/>
    <property name="java.runtime.version" value="19.0.2"/>
    <property name="user.name" value="ayushagrawal"/>
    <property name="stdout.encoding" value="UTF-8"/>
    <property name="path.separator" value=":"/>
    <property name="os.version" value="12.6"/>
    <property name="java.runtime.name" value="OpenJDK Runtime Environment"/>
    <property name="file.encoding" value="UTF-8"/>
    <property name="java.vm.name" value="OpenJDK 64-Bit Server VM"/>
    <property name="java.vendor.version" value="Homebrew"/>
    <property name="localRepository" value="/Users/ayushagrawal/.m2/repository"/>
    <property name="java.vendor.url.bug" value="https://github.com/Homebrew/homebrew-core/issues"/>
    <property name="java.io.tmpdir" value="/var/folders/2w/bvwb037x4910_1hy97jb_my40000gn/T/"/>
    <property name="java.version" value="19.0.2"/>
    <property name="user.dir" value="/Users/ayushagrawal/Downloads/AyushProgramming/hw5"/>
    <property name="os.arch" value="x86_64"/>
    <property name="java.vm.specification.name" value="Java Virtual Machine Specification"/>
    <property name="native.encoding" value="UTF-8"/>
    <property name="java.library.path" value="/Users/ayushagrawal/Library/Java/Extensions:/Library/Java/Extensions:/Network/Library/Java/Extensions:/System/Library/Java/Extensions:/usr/lib/java:."/>
    <property name="java.vm.info" value="mixed mode, sharing"/>
    <property name="stderr.encoding" value="UTF-8"/>
    <property name="java.vendor" value="Homebrew"/>
    <property name="java.vm.version" value="19.0.2"/>
    <property name="sun.io.unicode.encoding" value="UnicodeBig"/>
    <property name="socksNonProxyHosts" value="local|*.local|169.254/16|*.169.254/16"/>
    <property name="java.class.version" value="63.0"/>
  </properties>
  <testcase name="runTest[0]" classname="flightapp.FlightServiceTest" time="1.617">
    <system-out><![CDATA[Running test setup...
... using dbconn.properties for test credentials
... resetting database (ie, dropping all tables with suffix: ayush123)
... running createTables.sql

Starting tests
Running test file: /Users/ayushagrawal/Downloads/AyushProgramming/hw5/cases/no_transaction/search/search_lessThanN.txt
]]></system-out>
  </testcase>
  <testcase name="runTest[1]" classname="flightapp.FlightServiceTest" time="4.626">
    <system-out><![CDATA[Running test file: /Users/ayushagrawal/Downloads/AyushProgramming/hw5/cases/no_transaction/search/search_topk.txt
]]></system-out>
  </testcase>
  <testcase name="runTest[2]" classname="flightapp.FlightServiceTest" time="2.462">
    <system-out><![CDATA[Running test file: /Users/ayushagrawal/Downloads/AyushProgramming/hw5/cases/no_transaction/search/search_basic.txt
]]></system-out>
  </testcase>
  <testcase name="runTest[3]" classname="flightapp.FlightServiceTest" time="4.409">
    <system-out><![CDATA[Running test file: /Users/ayushagrawal/Downloads/AyushProgramming/hw5/cases/no_transaction/search/search_noResults.txt
]]></system-out>
  </testcase>
  <testcase name="runTest[4]" classname="flightapp.FlightServiceTest" time="3.377">
    <system-out><![CDATA[Running test file: /Users/ayushagrawal/Downloads/AyushProgramming/hw5/cases/no_transaction/login/login_already.txt
]]></system-out>
  </testcase>
  <testcase name="runTest[5]" classname="flightapp.FlightServiceTest" time="1.931">
    <system-out><![CDATA[Running test file: /Users/ayushagrawal/Downloads/AyushProgramming/hw5/cases/no_transaction/login/login_wrongPassword.txt
]]></system-out>
  </testcase>
  <testcase name="runTest[6]" classname="flightapp.FlightServiceTest" time="1.972">
    <system-out><![CDATA[Running test file: /Users/ayushagrawal/Downloads/AyushProgramming/hw5/cases/no_transaction/login/login_single.txt
]]></system-out>
  </testcase>
  <testcase name="runTest[7]" classname="flightapp.FlightServiceTest" time="4.489">
    <system-out><![CDATA[Running test file: /Users/ayushagrawal/Downloads/AyushProgramming/hw5/cases/no_transaction/login/login_wrongPasswordMultipleThenCorrectLogin.txt
]]></system-out>
  </testcase>
  <testcase name="runTest[8]" classname="flightapp.FlightServiceTest" time="1.335">
    <system-out><![CDATA[Running test file: /Users/ayushagrawal/Downloads/AyushProgramming/hw5/cases/no_transaction/create/create_basic.txt
]]></system-out>
  </testcase>
  <testcase name="runTest[9]" classname="flightapp.FlightServiceTest" time="1.346">
    <system-out><![CDATA[Running test file: /Users/ayushagrawal/Downloads/AyushProgramming/hw5/cases/no_transaction/create/create_maliciousUsername.txt
]]></system-out>
  </testcase>
  <testcase name="runTest[10]" classname="flightapp.FlightServiceTest" time="0.653">
    <system-out><![CDATA[Running test file: /Users/ayushagrawal/Downloads/AyushProgramming/hw5/cases/no_transaction/create/create_negativeInitialAmount.txt
]]></system-out>
  </testcase>
</testsuite>