<?xml version="1.0" encoding="UTF-8"?>
<testsuite xmlns:xsi="http://www.w3.org/2001/XMLSchema-instance" xsi:noNamespaceSchemaLocation="https://maven.apache.org/surefire/maven-surefire-plugin/xsd/surefire-test-report-3.0.xsd" version="3.0" name="flightapp.FlightServiceTest" time="10.747" tests="3" errors="0" skipped="0" failures="3">
  <properties>
    <property name="java.specification.version" value="19"/>
    <property name="test.cases" value="cases/no_transaction/search"/>
    <property name="sun.jnu.encoding" value="UTF-8"/>
    <property name="java.class.path" value="/Users/ayushagrawal/.m2/repository/org/apache/maven/surefire/surefire-booter/3.0.0-M5/surefire-booter-3.0.0-M5.jar:/Users/ayushagrawal/.m2/repository/org/apache/maven/surefire/surefire-api/3.0.0-M5/surefire-api-3.0.0-M5.jar:/Users/ayushagrawal/.m2/repository/org/apache/maven/surefire/surefire-logger-api/3.0.0-M5/surefire-logger-api-3.0.0-M5.jar:/Users/ayushagrawal/.m2/repository/org/apache/maven/surefire/surefire-shared-utils/3.0.0-M4/surefire-shared-utils-3.0.0-M4.jar:/Users/ayushagrawal/.m2/repository/org/apache/maven/surefire/surefire-extensions-spi/3.0.0-M5/surefire-extensions-spi-3.0.0-M5.jar:/Users/ayushagrawal/Downloads/AyushProgramming/hw5/target/test-classes:/Users/ayushagrawal/Downloads/AyushProgramming/hw5/target/classes:/Users/ayushagrawal/.m2/repository/junit/junit/4.13/junit-4.13.jar:/Users/ayushagrawal/.m2/repository/org/hamcrest/hamcrest-core/1.3/hamcrest-core-1.3.jar:/Users/ayushagrawal/.m2/repository/com/microsoft/sqlserver/mssql-jdbc/9.2.1.jre11/mssql-jdbc-9.2.1.jre11.jar:/Users/ayushagrawal/.m2/repository/org/mybatis/mybatis/3.5.7/mybatis-3.5.7.jar:/Users/ayushagrawal/.m2/repository/commons-io/commons-io/2.8.0/commons-io-2.8.0.jar:/Users/ayushagrawal/Downloads/AyushProgramming/hw5/distributed.jar:/Users/ayushagrawal/.m2/repository/org/apache/maven/surefire/surefire-junit4/3.0.0-M5/surefire-junit4-3.0.0-M5.jar:/Users/ayushagrawal/.m2/repository/org/apache/maven/surefire/common-java5/3.0.0-M5/common-java5-3.0.0-M5.jar:/Users/ayushagrawal/.m2/repository/org/apache/maven/surefire/common-junit3/3.0.0-M5/common-junit3-3.0.0-M5.jar:/Users/ayushagrawal/.m2/repository/org/apache/maven/surefire/common-junit4/3.0.0-M5/common-junit4-3.0.0-M5.jar"/>
    <property name="java.vm.vendor" value="Homebrew"/>
    <property name="sun.arch.data.model" value="64"/>
    <property name="java.vendor.url" value="https://github.com/Homebrew/homebrew-core/issues"/>
    <property name="os.name" value="Mac OS X"/>
    <property name="java.vm.specification.version" value="19"/>
    <property name="sun.java.launcher" value="SUN_STANDARD"/>
    <property name="user.country" value="US"/>
    <property name="sun.boot.library.path" value="/usr/local/Cellar/openjdk/19.0.2/libexec/openjdk.jdk/Contents/Home/lib"/>
    <property name="sun.java.command" value="org.apache.maven.surefire.booter.ForkedBooter /Users/ayushagrawal/Downloads/AyushProgramming/hw5/target/surefire 2023-02-22T10-28-34_305-jvmRun1 surefire10823435019452726756tmp surefire_012497576147655331595tmp"/>
    <property name="http.nonProxyHosts" value="local|*.local|169.254/16|*.169.254/16"/>
    <property name="jdk.debug" value="release"/>
    <property name="surefire.test.class.path" value="/Users/ayushagrawal/Downloads/AyushProgramming/hw5/target/test-classes:/Users/ayushagrawal/Downloads/AyushProgramming/hw5/target/classes:/Users/ayushagrawal/.m2/repository/junit/junit/4.13/junit-4.13.jar:/Users/ayushagrawal/.m2/repository/org/hamcrest/hamcrest-core/1.3/hamcrest-core-1.3.jar:/Users/ayushagrawal/.m2/repository/com/microsoft/sqlserver/mssql-jdbc/9.2.1.jre11/mssql-jdbc-9.2.1.jre11.jar:/Users/ayushagrawal/.m2/repository/org/mybatis/mybatis/3.5.7/mybatis-3.5.7.jar:/Users/ayushagrawal/.m2/repository/commons-io/commons-io/2.8.0/commons-io-2.8.0.jar:/Users/ayushagrawal/Downloads/AyushProgramming/hw5/distributed.jar:"/>
    <property name="sun.cpu.endian" value="little"/>
    <property name="user.home" value="/Users/ayushagrawal"/>
    <property name="user.language" value="en"/>
    <property name="java.specification.vendor" value="Oracle Corporation"/>
    <property name="java.version.date" value="2023-01-17"/>
    <property name="java.home" value="/usr/local/Cellar/openjdk/19.0.2/libexec/openjdk.jdk/Contents/Home"/>
    <property name="file.separator" value="/"/>
    <property name="basedir" value="/Users/ayushagrawal/Downloads/AyushProgramming/hw5"/>
    <property name="java.vm.compressedOopsMode" value="Zero based"/>
    <property name="line.separator" value="&#10;"/>
    <property name="java.vm.specification.vendor" value="Oracle Corporation"/>
    <property name="java.specification.name" value="Java Platform API Specification"/>
    <property name="apple.awt.application.name" value="ForkedBooter"/>
    <property name="sun.management.compiler" value="HotSpot 64-Bit Tiered Compilers"/>
    <property name="ftp.nonProxyHosts" value="local|*.local|169.254/16|*.169.254/16"/>
    <property name="java.runtime.version" value="19.0.2"/>
    <property name="user.name" value="ayushagrawal"/>
    <property name="stdout.encoding" value="UTF-8"/>
    <property name="path.separator" value=":"/>
    <property name="os.version" value="12.6"/>
    <property name="java.runtime.name" value="OpenJDK Runtime Environment"/>
    <property name="file.encoding" value="UTF-8"/>
    <property name="java.vm.name" value="OpenJDK 64-Bit Server VM"/>
    <property name="java.vendor.version" value="Homebrew"/>
    <property name="localRepository" value="/Users/ayushagrawal/.m2/repository"/>
    <property name="java.vendor.url.bug" value="https://github.com/Homebrew/homebrew-core/issues"/>
    <property name="java.io.tmpdir" value="/var/folders/2w/bvwb037x4910_1hy97jb_my40000gn/T/"/>
    <property name="java.version" value="19.0.2"/>
    <property name="user.dir" value="/Users/ayushagrawal/Downloads/AyushProgramming/hw5"/>
    <property name="os.arch" value="x86_64"/>
    <property name="java.vm.specification.name" value="Java Virtual Machine Specification"/>
    <property name="native.encoding" value="UTF-8"/>
    <property name="java.library.path" value="/Users/ayushagrawal/Library/Java/Extensions:/Library/Java/Extensions:/Network/Library/Java/Extensions:/System/Library/Java/Extensions:/usr/lib/java:."/>
    <property name="java.vm.info" value="mixed mode, sharing"/>
    <property name="stderr.encoding" value="UTF-8"/>
    <property name="java.vendor" value="Homebrew"/>
    <property name="java.vm.version" value="19.0.2"/>
    <property name="sun.io.unicode.encoding" value="UnicodeBig"/>
    <property name="socksNonProxyHosts" value="local|*.local|169.254/16|*.169.254/16"/>
    <property name="java.class.version" value="63.0"/>
  </properties>
  <testcase name="runTest[0]" classname="flightapp.FlightServiceTest" time="3.183">
    <failure message="Failed: /Users/ayushagrawal/Downloads/AyushProgramming/hw5/cases/no_transaction/search/search_lessThanN.txt. Actual outcome were: &#10;---Terminal 0 begin&#10;Day: 1 Carrier: AS Number: 606 Origin: Seattle WA Destination: Austin TX Duration: 231 Capacity: 5 Price: 816&#10;Day: 1 Carrier: AS Number: 670 Origin: Seattle WA Destination: Austin TX Duration: 235 Capacity: 19 Price: 478&#10;Goodbye&#10;---Terminal 0 end&#10;&#10;&#10;Possible outcomes were: &#10;===== Outcome 0 =====&#10;---Terminal 0 begin&#10;Itinerary 0: 1 flight(s), 231 minutes&#10;ID: 706585 Day: 1 Carrier: AS Number: 606 Origin: Seattle WA Dest: Austin TX Duration: 231 Capacity: 5 Price: 816&#10;Itinerary 1: 1 flight(s), 235 minutes&#10;ID: 706629 Day: 1 Carrier: AS Number: 670 Origin: Seattle WA Dest: Austin TX Duration: 235 Capacity: 19 Price: 478&#10;Goodbye&#10;---Terminal 0 end&#10;&#10;&#10;" type="java.lang.AssertionError"><![CDATA[java.lang.AssertionError: 
Failed: /Users/ayushagrawal/Downloads/AyushProgramming/hw5/cases/no_transaction/search/search_lessThanN.txt. Actual outcome were: 
---Terminal 0 begin
Day: 1 Carrier: AS Number: 606 Origin: Seattle WA Destination: Austin TX Duration: 231 Capacity: 5 Price: 816
Day: 1 Carrier: AS Number: 670 Origin: Seattle WA Destination: Austin TX Duration: 235 Capacity: 19 Price: 478
Goodbye
---Terminal 0 end


Possible outcomes were: 
===== Outcome 0 =====
---Terminal 0 begin
Itinerary 0: 1 flight(s), 231 minutes
ID: 706585 Day: 1 Carrier: AS Number: 606 Origin: Seattle WA Dest: Austin TX Duration: 231 Capacity: 5 Price: 816
Itinerary 1: 1 flight(s), 235 minutes
ID: 706629 Day: 1 Carrier: AS Number: 670 Origin: Seattle WA Dest: Austin TX Duration: 235 Capacity: 19 Price: 478
Goodbye
---Terminal 0 end



	at flightapp.FlightServiceTest.runTest(FlightServiceTest.java:386)
]]></failure>
    <system-out><![CDATA[Running test setup...
... using dbconn.properties for test credentials
... resetting database (ie, dropping all tables with suffix: ayush123)
... running createTables.sql

Starting tests
Running test file: /Users/ayushagrawal/Downloads/AyushProgramming/hw5/cases/no_transaction/search/search_lessThanN.txt
]]></system-out>
  </testcase>
  <testcase name="runTest[1]" classname="flightapp.FlightServiceTest" time="3.917">
    <failure message="Failed: /Users/ayushagrawal/Downloads/AyushProgramming/hw5/cases/no_transaction/search/search_topk.txt. Actual outcome were: &#10;---Terminal 0 begin&#10;Day: 1 Carrier: AS Number: 24 Origin: Seattle WA Destination: Boston MA Duration: 297 Capacity: 14 Price: 140&#10;Day: 1 Carrier: B6 Number: 1698 Origin: Seattle WA Destination: Boston MA Duration: 297 Capacity: 8 Price: 980&#10;Day: 1 Carrier: AS Number: 734 Origin: Seattle WA Destination: Boston MA Duration: 301 Capacity: 11 Price: 268&#10;Day: 1 Carrier: AS Number: 24 Origin: Seattle WA Destination: Boston MA Duration: 303 Capacity: 12 Price: 225&#10;Day: 1 Carrier: B6 Number: 498 Origin: Seattle WA Destination: Boston MA Duration: 305 Capacity: 3 Price: 946&#10;Day: 1 Carrier: B6 Number: 998 Origin: Seattle WA Destination: Boston MA Duration: 305 Capacity: 3 Price: 816&#10;Day: 1 Carrier: AS Number: 12 Origin: Seattle WA Destination: Boston MA Duration: 307 Capacity: 4 Price: 739&#10;Day: 1 Carrier: AS Number: 12 Origin: Seattle WA Destination: Boston MA Duration: 310 Capacity: 10 Price: 336&#10;Day: 1 Carrier: B6 Number: 598 Origin: Seattle WA Destination: Boston MA Duration: 310 Capacity: 6 Price: 681&#10;Goodbye&#10;---Terminal 0 end&#10;&#10;&#10;Possible outcomes were: &#10;===== Outcome 0 =====&#10;---Terminal 0 begin&#10;Itinerary 0: 2 flight(s), 252 minutes&#10;ID: 1034748 Day: 1 Carrier: WN Number: 392 Origin: Seattle WA Dest: St. Louis MO Duration: 110 Capacity: 19 Price: 431&#10;ID: 1035037 Day: 1 Carrier: WN Number: 392 Origin: St. Louis MO Dest: Boston MA Duration: 142 Capacity: 6 Price: 286&#10;Itinerary 1: 1 flight(s), 297 minutes&#10;ID: 60454 Day: 1 Carrier: AS Number: 24 Origin: Seattle WA Dest: Boston MA Duration: 297 Capacity: 14 Price: 140&#10;Itinerary 2: 1 flight(s), 297 minutes&#10;ID: 721557 Day: 1 Carrier: B6 Number: 1698 Origin: Seattle WA Dest: Boston MA Duration: 297 Capacity: 8 Price: 980&#10;Itinerary 3: 1 flight(s), 301 minutes&#10;ID: 706671 Day: 1 Carrier: AS Number: 734 Origin: Seattle WA Dest: Boston MA Duration: 301 Capacity: 11 Price: 268&#10;Itinerary 4: 1 flight(s), 303 minutes&#10;ID: 702979 Day: 1 Carrier: AS Number: 24 Origin: Seattle WA Dest: Boston MA Duration: 303 Capacity: 12 Price: 225&#10;Itinerary 5: 1 flight(s), 305 minutes&#10;ID: 717866 Day: 1 Carrier: B6 Number: 498 Origin: Seattle WA Dest: Boston MA Duration: 305 Capacity: 3 Price: 946&#10;Itinerary 6: 1 flight(s), 305 minutes&#10;ID: 721338 Day: 1 Carrier: B6 Number: 998 Origin: Seattle WA Dest: Boston MA Duration: 305 Capacity: 3 Price: 816&#10;Itinerary 7: 1 flight(s), 307 minutes&#10;ID: 702969 Day: 1 Carrier: AS Number: 12 Origin: Seattle WA Dest: Boston MA Duration: 307 Capacity: 4 Price: 739&#10;Itinerary 8: 1 flight(s), 310 minutes&#10;ID: 60108 Day: 1 Carrier: AS Number: 12 Origin: Seattle WA Dest: Boston MA Duration: 310 Capacity: 10 Price: 336&#10;Itinerary 9: 1 flight(s), 310 minutes&#10;ID: 717913 Day: 1 Carrier: B6 Number: 598 Origin: Seattle WA Dest: Boston MA Duration: 310 Capacity: 6 Price: 681&#10;Goodbye&#10;---Terminal 0 end&#10;&#10;&#10;" type="java.lang.AssertionError"><![CDATA[java.lang.AssertionError: 
Failed: /Users/ayushagrawal/Downloads/AyushProgramming/hw5/cases/no_transaction/search/search_topk.txt. Actual outcome were: 
---Terminal 0 begin
Day: 1 Carrier: AS Number: 24 Origin: Seattle WA Destination: Boston MA Duration: 297 Capacity: 14 Price: 140
Day: 1 Carrier: B6 Number: 1698 Origin: Seattle WA Destination: Boston MA Duration: 297 Capacity: 8 Price: 980
Day: 1 Carrier: AS Number: 734 Origin: Seattle WA Destination: Boston MA Duration: 301 Capacity: 11 Price: 268
Day: 1 Carrier: AS Number: 24 Origin: Seattle WA Destination: Boston MA Duration: 303 Capacity: 12 Price: 225
Day: 1 Carrier: B6 Number: 498 Origin: Seattle WA Destination: Boston MA Duration: 305 Capacity: 3 Price: 946
Day: 1 Carrier: B6 Number: 998 Origin: Seattle WA Destination: Boston MA Duration: 305 Capacity: 3 Price: 816
Day: 1 Carrier: AS Number: 12 Origin: Seattle WA Destination: Boston MA Duration: 307 Capacity: 4 Price: 739
Day: 1 Carrier: AS Number: 12 Origin: Seattle WA Destination: Boston MA Duration: 310 Capacity: 10 Price: 336
Day: 1 Carrier: B6 Number: 598 Origin: Seattle WA Destination: Boston MA Duration: 310 Capacity: 6 Price: 681
Goodbye
---Terminal 0 end


Possible outcomes were: 
===== Outcome 0 =====
---Terminal 0 begin
Itinerary 0: 2 flight(s), 252 minutes
ID: 1034748 Day: 1 Carrier: WN Number: 392 Origin: Seattle WA Dest: St. Louis MO Duration: 110 Capacity: 19 Price: 431
ID: 1035037 Day: 1 Carrier: WN Number: 392 Origin: St. Louis MO Dest: Boston MA Duration: 142 Capacity: 6 Price: 286
Itinerary 1: 1 flight(s), 297 minutes
ID: 60454 Day: 1 Carrier: AS Number: 24 Origin: Seattle WA Dest: Boston MA Duration: 297 Capacity: 14 Price: 140
Itinerary 2: 1 flight(s), 297 minutes
ID: 721557 Day: 1 Carrier: B6 Number: 1698 Origin: Seattle WA Dest: Boston MA Duration: 297 Capacity: 8 Price: 980
Itinerary 3: 1 flight(s), 301 minutes
ID: 706671 Day: 1 Carrier: AS Number: 734 Origin: Seattle WA Dest: Boston MA Duration: 301 Capacity: 11 Price: 268
Itinerary 4: 1 flight(s), 303 minutes
ID: 702979 Day: 1 Carrier: AS Number: 24 Origin: Seattle WA Dest: Boston MA Duration: 303 Capacity: 12 Price: 225
Itinerary 5: 1 flight(s), 305 minutes
ID: 717866 Day: 1 Carrier: B6 Number: 498 Origin: Seattle WA Dest: Boston MA Duration: 305 Capacity: 3 Price: 946
Itinerary 6: 1 flight(s), 305 minutes
ID: 721338 Day: 1 Carrier: B6 Number: 998 Origin: Seattle WA Dest: Boston MA Duration: 305 Capacity: 3 Price: 816
Itinerary 7: 1 flight(s), 307 minutes
ID: 702969 Day: 1 Carrier: AS Number: 12 Origin: Seattle WA Dest: Boston MA Duration: 307 Capacity: 4 Price: 739
Itinerary 8: 1 flight(s), 310 minutes
ID: 60108 Day: 1 Carrier: AS Number: 12 Origin: Seattle WA Dest: Boston MA Duration: 310 Capacity: 10 Price: 336
Itinerary 9: 1 flight(s), 310 minutes
ID: 717913 Day: 1 Carrier: B6 Number: 598 Origin: Seattle WA Dest: Boston MA Duration: 310 Capacity: 6 Price: 681
Goodbye
---Terminal 0 end



	at flightapp.FlightServiceTest.runTest(FlightServiceTest.java:386)
]]></failure>
    <system-out><![CDATA[Running test file: /Users/ayushagrawal/Downloads/AyushProgramming/hw5/cases/no_transaction/search/search_topk.txt
]]></system-out>
  </testcase>
  <testcase name="runTest[2]" classname="flightapp.FlightServiceTest" time="2.019">
    <failure message="Failed: /Users/ayushagrawal/Downloads/AyushProgramming/hw5/cases/no_transaction/search/search_basic.txt. Actual outcome were: &#10;---Terminal 0 begin&#10;Day: 1 Carrier: AS Number: 24 Origin: Seattle WA Destination: Boston MA Duration: 297 Capacity: 14 Price: 140&#10;Goodbye&#10;---Terminal 0 end&#10;&#10;&#10;Possible outcomes were: &#10;===== Outcome 0 =====&#10;---Terminal 0 begin&#10;Itinerary 0: 1 flight(s), 297 minutes&#10;ID: 60454 Day: 1 Carrier: AS Number: 24 Origin: Seattle WA Dest: Boston MA Duration: 297 Capacity: 14 Price: 140&#10;Goodbye&#10;---Terminal 0 end&#10;&#10;&#10;" type="java.lang.AssertionError"><![CDATA[java.lang.AssertionError: 
Failed: /Users/ayushagrawal/Downloads/AyushProgramming/hw5/cases/no_transaction/search/search_basic.txt. Actual outcome were: 
---Terminal 0 begin
Day: 1 Carrier: AS Number: 24 Origin: Seattle WA Destination: Boston MA Duration: 297 Capacity: 14 Price: 140
Goodbye
---Terminal 0 end


Possible outcomes were: 
===== Outcome 0 =====
---Terminal 0 begin
Itinerary 0: 1 flight(s), 297 minutes
ID: 60454 Day: 1 Carrier: AS Number: 24 Origin: Seattle WA Dest: Boston MA Duration: 297 Capacity: 14 Price: 140
Goodbye
---Terminal 0 end



	at flightapp.FlightServiceTest.runTest(FlightServiceTest.java:386)
]]></failure>
    <system-out><![CDATA[Running test file: /Users/ayushagrawal/Downloads/AyushProgramming/hw5/cases/no_transaction/search/search_basic.txt
]]></system-out>
  </testcase>
</testsuite>